This is pdfTeX, Version 3.1415926-2.3-1.40.12 (MiKTeX 2.9) (preloaded format=latex 2016.5.1)  20 NOV 2016 17:11
entering extended mode
**D:/РҐСѓРЇРЅРґРµРєСЃ/YandexDisk/7*СЃРµРјРµСЃС‚СЂ/7*СЃРµРјРµСЃС‚СЂ.tex
("D:/РҐСѓРЇРЅРґРµРєСЃ/YandexDisk/7 СЃРµРјРµСЃС‚СЂ/7 СЃРµРјРµСЃС‚СЂ.tex"
LaTeX2e <2011/06/27>
Babel <v3.8m> and hyphenation patterns for english, afrikaans, ancientgreek, ar
abic, armenian, assamese, basque, bengali, bokmal, bulgarian, catalan, coptic, 
croatian, czech, danish, dutch, esperanto, estonian, farsi, finnish, french, ga
lician, german, german-x-2009-06-19, greek, gujarati, hindi, hungarian, iceland
ic, indonesian, interlingua, irish, italian, kannada, kurmanji, lao, latin, lat
vian, lithuanian, malayalam, marathi, mongolian, mongolianlmc, monogreek, ngerm
an, ngerman-x-2009-06-19, nynorsk, oriya, panjabi, pinyin, polish, portuguese, 
romanian, russian, sanskrit, serbian, slovak, slovenian, spanish, swedish, swis
sgerman, tamil, telugu, turkish, turkmen, ukenglish, ukrainian, uppersorbian, u
senglishmax, welsh, loaded.
("C:\Program Files (x86)\MiKTeX 2.9\tex\latex\extsizes\extreport.cls"
Document Class: extreport 1996/10/08 v1.0 Non Standard LaTeX document class
("C:\Program Files (x86)\MiKTeX 2.9\tex\latex\extsizes\size14.clo"
File: size14.clo 1999/11/11 v1.4a NON-Standard LaTeX file (size option)
)
("C:\Program Files (x86)\MiKTeX 2.9\tex\latex\base\exscale.sty"
Package: exscale 2007/10/29 v2.1h Standard LaTeX package exscale
LaTeX Font Info:    Redeclaring symbol font `largesymbols' on input line 52.
LaTeX Font Info:    Overwriting symbol font `largesymbols' in version `normal'
(Font)                  OMX/cmex/m/n --> OMX/cmex/m/n on input line 52.
LaTeX Font Info:    Overwriting symbol font `largesymbols' in version `bold'
(Font)                  OMX/cmex/m/n --> OMX/cmex/m/n on input line 52.
\big@size=\dimen102
)
\c@part=\count79
\c@chapter=\count80
\c@section=\count81
\c@subsection=\count82
\c@subsubsection=\count83
\c@paragraph=\count84
\c@subparagraph=\count85
\c@figure=\count86
\c@table=\count87
\abovecaptionskip=\skip41
\belowcaptionskip=\skip42
\bibindent=\dimen103
)
("C:\Program Files (x86)\MiKTeX 2.9\tex\latex\base\inputenc.sty"
Package: inputenc 2008/03/30 v1.1d Input encoding file
\inpenc@prehook=\toks14
\inpenc@posthook=\toks15

("C:\Program Files (x86)\MiKTeX 2.9\tex\latex\cyrillic\cp1251.def"
File: cp1251.def 1999/11/16 v1.0d Input encoding file
))
("C:\Program Files (x86)\MiKTeX 2.9\tex\generic\babel\babel.sty"
Package: babel 2008/07/08 v3.8m The Babel package

*************************************
* Local config file bblopts.cfg used
*
("C:\Program Files (x86)\MiKTeX 2.9\tex\latex\00miktex\bblopts.cfg"
File: bblopts.cfg 2006/07/31 v1.0 MiKTeX 'babel' configuration
)
("C:\Program Files (x86)\MiKTeX 2.9\tex\generic\babel\russianb.ldf"
Language: russianb 2008/03/21 v1.1r Russian support from the babel system

("C:\Program Files (x86)\MiKTeX 2.9\tex\generic\babel\babel.def"
File: babel.def 2008/07/08 v3.8m Babel common definitions
\babel@savecnt=\count88
\U@D=\dimen104
)
("C:\Program Files (x86)\MiKTeX 2.9\tex\latex\cyrillic\t2aenc.def"
File: t2aenc.def 2005/09/27 v1.0i Cyrillic encoding definition file
)
Package babel Info: Making " an active character on input line 199.
))
("C:\Program Files (x86)\MiKTeX 2.9\tex\latex\ams\math\amsmath.sty"
Package: amsmath 2000/07/18 v2.13 AMS math features
\@mathmargin=\skip43

For additional information on amsmath, use the `?' option.
("C:\Program Files (x86)\MiKTeX 2.9\tex\latex\ams\math\amstext.sty"
Package: amstext 2000/06/29 v2.01

("C:\Program Files (x86)\MiKTeX 2.9\tex\latex\ams\math\amsgen.sty"
File: amsgen.sty 1999/11/30 v2.0
\@emptytoks=\toks16
\ex@=\dimen105
))
("C:\Program Files (x86)\MiKTeX 2.9\tex\latex\ams\math\amsbsy.sty"
Package: amsbsy 1999/11/29 v1.2d
\pmbraise@=\dimen106
)
("C:\Program Files (x86)\MiKTeX 2.9\tex\latex\ams\math\amsopn.sty"
Package: amsopn 1999/12/14 v2.01 operator names
)
\inf@bad=\count89
LaTeX Info: Redefining \frac on input line 211.
\uproot@=\count90
\leftroot@=\count91
LaTeX Info: Redefining \overline on input line 307.
\classnum@=\count92
\DOTSCASE@=\count93
LaTeX Info: Redefining \ldots on input line 379.
LaTeX Info: Redefining \dots on input line 382.
LaTeX Info: Redefining \cdots on input line 467.
\Mathstrutbox@=\box26
\strutbox@=\box27
\big@size=\dimen107
LaTeX Font Info:    Redeclaring font encoding OML on input line 567.
LaTeX Font Info:    Redeclaring font encoding OMS on input line 568.
\macc@depth=\count94
\c@MaxMatrixCols=\count95
\dotsspace@=\muskip10
\c@parentequation=\count96
\dspbrk@lvl=\count97
\tag@help=\toks17
\row@=\count98
\column@=\count99
\maxfields@=\count100
\andhelp@=\toks18
\eqnshift@=\dimen108
\alignsep@=\dimen109
\tagshift@=\dimen110
\tagwidth@=\dimen111
\totwidth@=\dimen112
\lineht@=\dimen113
\@envbody=\toks19
\multlinegap=\skip44
\multlinetaggap=\skip45
\mathdisplay@stack=\toks20
LaTeX Info: Redefining \[ on input line 2666.
LaTeX Info: Redefining \] on input line 2667.
)
("C:\Program Files (x86)\MiKTeX 2.9\tex\latex\graphics\graphicx.sty"
Package: graphicx 1999/02/16 v1.0f Enhanced LaTeX Graphics (DPC,SPQR)

("C:\Program Files (x86)\MiKTeX 2.9\tex\latex\graphics\keyval.sty"
Package: keyval 1999/03/16 v1.13 key=value parser (DPC)
\KV@toks@=\toks21
)
("C:\Program Files (x86)\MiKTeX 2.9\tex\latex\graphics\graphics.sty"
Package: graphics 2009/02/05 v1.0o Standard LaTeX Graphics (DPC,SPQR)

("C:\Program Files (x86)\MiKTeX 2.9\tex\latex\graphics\trig.sty"
Package: trig 1999/03/16 v1.09 sin cos tan (DPC)
)
("C:\Program Files (x86)\MiKTeX 2.9\tex\latex\00miktex\graphics.cfg"
File: graphics.cfg 2007/01/18 v1.5 graphics configuration of teTeX/TeXLive
)
Package graphics Info: Driver file: dvips.def on input line 91.

("C:\Program Files (x86)\MiKTeX 2.9\tex\latex\graphics\dvips.def"
File: dvips.def 1999/02/16 v3.0i Driver-dependant file (DPC,SPQR)
))
\Gin@req@height=\dimen114
\Gin@req@width=\dimen115
)
("C:\Program Files (x86)\MiKTeX 2.9\tex\latex\listings\listings.sty"
\lst@mode=\count101
\lst@gtempboxa=\box28
\lst@token=\toks22
\lst@length=\count102
\lst@currlwidth=\dimen116
\lst@column=\count103
\lst@pos=\count104
\lst@lostspace=\dimen117
\lst@width=\dimen118
\lst@newlines=\count105
\lst@lineno=\count106
\lst@maxwidth=\dimen119

("C:\Program Files (x86)\MiKTeX 2.9\tex\latex\listings\lstmisc.sty"
File: lstmisc.sty 2007/02/22 1.4 (Carsten Heinz)
\c@lstnumber=\count107
\lst@skipnumbers=\count108
\lst@framebox=\box29
)
("C:\Program Files (x86)\MiKTeX 2.9\tex\latex\listings\listings.cfg"
File: listings.cfg 2007/02/22 1.4 listings configuration
))
Package: listings 2007/02/22 1.4 (Carsten Heinz)

("C:\Program Files (x86)\MiKTeX 2.9\tex\latex\eqnarray\eqnarray.sty"
equationarray 1.3 <December 1, 2010>
Package: eqnarray 
("C:\Program Files (x86)\MiKTeX 2.9\tex\latex\tools\array.sty"
Package: array 2008/09/09 v2.4c Tabular extension package (FMi)
\col@sep=\dimen120
\extrarowheight=\dimen121
\NC@list=\toks23
\extratabsurround=\skip46
\backup@length=\skip47
)
\@eqargcnt=\count109
)
("C:\Program Files (x86)\MiKTeX 2.9\tex\latex\graphics\color.sty"
Package: color 2005/11/14 v1.0j Standard LaTeX Color (DPC)

("C:\Program Files (x86)\MiKTeX 2.9\tex\latex\00miktex\color.cfg"
File: color.cfg 2007/01/18 v1.5 color configuration of teTeX/TeXLive
)
Package color Info: Driver file: dvips.def on input line 130.

("C:\Program Files (x86)\MiKTeX 2.9\tex\latex\graphics\dvipsnam.def"
File: dvipsnam.def 1999/02/16 v3.0i Driver-dependant file (DPC,SPQR)
))
("C:\Program Files (x86)\MiKTeX 2.9\tex\latex\colortbl\colortbl.sty"
Package: colortbl 2001/02/13 v0.1j Color table columns (DPC)
\everycr=\toks24
\minrowclearance=\skip48
)
("C:\Program Files (x86)\MiKTeX 2.9\tex\latex\geometry\geometry.sty"
Package: geometry 2010/09/12 v5.6 Page Geometry

("C:\Program Files (x86)\MiKTeX 2.9\tex\generic\oberdiek\ifpdf.sty"
Package: ifpdf 2011/01/30 v2.3 Provides the ifpdf switch (HO)
Package ifpdf Info: pdfTeX in PDF mode is not detected.
)
("C:\Program Files (x86)\MiKTeX 2.9\tex\generic\oberdiek\ifvtex.sty"
Package: ifvtex 2010/03/01 v1.5 Switches for detecting VTeX and its modes (HO)
Package ifvtex Info: VTeX not detected.
)
("C:\Program Files (x86)\MiKTeX 2.9\tex\generic\ifxetex\ifxetex.sty"
Package: ifxetex 2010/09/12 v0.6 Provides ifxetex conditional
)
\Gm@cnth=\count110
\Gm@cntv=\count111
\c@Gm@tempcnt=\count112
\Gm@bindingoffset=\dimen122
\Gm@wd@mp=\dimen123
\Gm@odd@mp=\dimen124
\Gm@even@mp=\dimen125
\Gm@layoutwidth=\dimen126
\Gm@layoutheight=\dimen127
\Gm@layouthoffset=\dimen128
\Gm@layoutvoffset=\dimen129
\Gm@dimlist=\toks25

("C:\Program Files (x86)\MiKTeX 2.9\tex\latex\geometry\geometry.cfg"))
("C:\Program Files (x86)\MiKTeX 2.9\tex\latex\tools\indentfirst.sty"
Package: indentfirst 1995/11/23 v1.03 Indent first paragraph (DPC)
)
("C:\Program Files (x86)\MiKTeX 2.9\tex\latex\ltxmisc\url.sty"
\Urlmuskip=\muskip11
Package: url 2006/04/12  ver 3.3  Verb mode for urls, etc.
)
("C:\Program Files (x86)\MiKTeX 2.9\tex\latex\tocloft\tocloft.sty"
Package: tocloft 2010/10/13 v2.3e parameterised ToC, etc., typesetting
Package tocloft Info: The document has chapter divisions on input line 43.
\cftparskip=\skip49
\cftbeforetoctitleskip=\skip50
\cftaftertoctitleskip=\skip51
\cftbeforepartskip=\skip52
\cftpartnumwidth=\skip53
\cftpartindent=\skip54
\cftbeforechapskip=\skip55
\cftchapindent=\skip56
\cftchapnumwidth=\skip57
\cftbeforesecskip=\skip58
\cftsecindent=\skip59
\cftsecnumwidth=\skip60
\cftbeforesubsecskip=\skip61
\cftsubsecindent=\skip62
\cftsubsecnumwidth=\skip63
\cftbeforesubsubsecskip=\skip64
\cftsubsubsecindent=\skip65
\cftsubsubsecnumwidth=\skip66
\cftbeforeparaskip=\skip67
\cftparaindent=\skip68
\cftparanumwidth=\skip69
\cftbeforesubparaskip=\skip70
\cftsubparaindent=\skip71
\cftsubparanumwidth=\skip72
\cftbeforeloftitleskip=\skip73
\cftafterloftitleskip=\skip74
\cftbeforefigskip=\skip75
\cftfigindent=\skip76
\cftfignumwidth=\skip77
\c@lofdepth=\count113
\c@lotdepth=\count114
\cftbeforelottitleskip=\skip78
\cftafterlottitleskip=\skip79
\cftbeforetabskip=\skip80
\cfttabindent=\skip81
\cfttabnumwidth=\skip82
)
("C:\Program Files (x86)\MiKTeX 2.9\tex\latex\titlesec\titlesec.sty"
Package: titlesec 2011/12/15 v2.10.0 Sectioning titles
\ttl@box=\box30
\beforetitleunit=\skip83
\aftertitleunit=\skip84
\ttl@plus=\dimen130
\ttl@minus=\dimen131
\ttl@toksa=\toks26
\titlewidth=\dimen132
\titlewidthlast=\dimen133
\titlewidthfirst=\dimen134
)
("D:\РҐСѓРЇРЅРґРµРєСЃ\YandexDisk\7 СЃРµРјРµСЃС‚СЂ\7 СЃРµРјРµСЃС‚СЂ.aux"
LaTeX Font Info:    Try loading font information for T2A+cmr on input line 3.

("C:\Program Files (x86)\MiKTeX 2.9\tex\latex\cyrillic\t2acmr.fd"
File: t2acmr.fd 2001/08/11 v1.0a Computer Modern Cyrillic font definitions
))
LaTeX Font Info:    Checking defaults for OML/cmm/m/it on input line 45.
LaTeX Font Info:    ... okay on input line 45.
LaTeX Font Info:    Checking defaults for T1/cmr/m/n on input line 45.
LaTeX Font Info:    ... okay on input line 45.
LaTeX Font Info:    Checking defaults for OT1/cmr/m/n on input line 45.
LaTeX Font Info:    ... okay on input line 45.
LaTeX Font Info:    Checking defaults for OMS/cmsy/m/n on input line 45.
LaTeX Font Info:    ... okay on input line 45.
LaTeX Font Info:    Checking defaults for OMX/cmex/m/n on input line 45.
LaTeX Font Info:    ... okay on input line 45.
LaTeX Font Info:    Checking defaults for U/cmr/m/n on input line 45.
LaTeX Font Info:    ... okay on input line 45.
LaTeX Font Info:    Checking defaults for T2A/cmr/m/n on input line 45.
LaTeX Font Info:    ... okay on input line 45.
\c@lstlisting=\count115

*geometry* driver: auto-detecting
*geometry* detected driver: dvips
*geometry* verbose mode - [ preamble ] result:
* driver: dvips
* paper: a4paper
* layout: <same size as paper>
* layoutoffset:(h,v)=(0.0pt,0.0pt)
* modes: 
* h-part:(L,W,R)=(85.35826pt, 469.47049pt, 42.67912pt)
* v-part:(T,H,B)=(56.9055pt, 731.23584pt, 56.9055pt)
* \paperwidth=597.50787pt
* \paperheight=845.04684pt
* \textwidth=483.69684pt
* \textheight=682.86613pt
* \oddsidemargin=0.0pt
* \evensidemargin=13.08827pt
* \topmargin=0.0pt
* \headheight=0.0pt
* \headsep=0.0pt
* \topskip=14.0pt
* \footskip=30.0pt
* \marginparwidth=15.0pt
* \marginparsep=10.0pt
* \columnsep=10.0pt
* \skip\footins=12.0pt plus 4.0pt minus 2.0pt
* \hoffset=0.0pt
* \voffset=0.0pt
* \mag=1000
* \@twocolumnfalse
* \@twosidefalse
* \@mparswitchfalse
* \@reversemarginfalse
* (1in=72.27pt=25.4mm, 1cm=28.453pt)

[1

] ("D:\РҐСѓРЇРЅРґРµРєСЃ\YandexDisk\7 СЃРµРјРµСЃС‚СЂ\7 СЃРµРјРµСЃС‚СЂ.toc")
\tf@toc=\write3

[2]
Underfull \hbox (badness 10000) in paragraph at lines 96--101

 []


Underfull \hbox (badness 10000) in paragraph at lines 102--110

 []


Underfull \hbox (badness 10000) in paragraph at lines 111--114

 []


Underfull \hbox (badness 10000) in paragraph at lines 115--118

 []

[3

]
Underfull \hbox (badness 10000) in paragraph at lines 119--124

 []


Underfull \hbox (badness 10000) in paragraph at lines 125--130

 []


Underfull \hbox (badness 10000) in paragraph at lines 131--133

 []

[4]
{\Russian \CYRG \cyrl \cyra \cyrv \cyra } 1.

Underfull \hbox (badness 10000) in paragraph at lines 140--146

 []

File: ris1_1.eps Graphic file (type eps)
<ris1_1.eps> [5

]
File: ris1_2.eps Graphic file (type eps)
 <ris1_2.eps>
Overfull \hbox (6.0802pt too wide) in paragraph at lines 168--174
[][]\T2A/cmr/m/n/14.4 К со-жа-ле-нию, гра-фи-че-ские движ-ки на ос-но-ве тех-но
-ло-гии рей-ка-стин-га слиш-
 []


Underfull \hbox (badness 10000) in paragraph at lines 168--174

 []

[6]
{\Russian \CYRG \cyrl \cyra \cyrv \cyra } 2.

Underfull \hbox (badness 10000) in paragraph at lines 177--180

 []

File: ris2_1.eps Graphic file (type eps)
<ris2_1.eps>
Overfull \hbox (4.74635pt too wide) in paragraph at lines 188--195
[][]\T2A/cmr/m/n/14.4 Каждому зна-че-нию х на экране (для каж-дой вер-ти-каль-н
ой ли-нии на экране)
 []

[7

]
File: ris2_2.eps Graphic file (type eps)
 <ris2_2.eps>
Underfull \hbox (badness 10000) in paragraph at lines 203--209

 []

File: ris2_3.eps Graphic file (type eps)
<ris2_3.eps>

LaTeX Warning: `!h' float specifier changed to `!ht'.


Underfull \hbox (badness 10000) in paragraph at lines 222--226

 []

[8]
File: ris2_4.eps Graphic file (type eps)
 <ris2_4.eps>
File: ris2_5.eps Graphic file (type eps)
 <ris2_5.eps> [9]
Overfull \hbox (18.12529pt too wide) in paragraph at lines 247--252
\T2A/cmr/m/n/14.4 рен-ци-аль-ном ана-ли-зе. Циф-ро-вой Диф-фе-рен-ци-аль-ный Ан
а-лиз(Digital Differential
 []


Underfull \hbox (badness 10000) in paragraph at lines 247--252

 []


Underfull \hbox (badness 10000) in paragraph at lines 253--261

 []

[10]
File: ris2_6.eps Graphic file (type eps)
 <ris2_6.eps>
Underfull \hbox (badness 10000) in paragraph at lines 262--282

 []

[11]
Underfull \hbox (badness 10000) in paragraph at lines 283--288

 []


Underfull \hbox (badness 10000) in paragraph at lines 289--291

 []


Underfull \hbox (badness 10000) in paragraph at lines 292--293

 []

File: ris2_7.eps Graphic file (type eps)
<ris2_7.eps>

LaTeX Warning: `!h' float specifier changed to `!ht'.


Underfull \hbox (badness 10000) in paragraph at lines 301--304

 []

File: ris2_8.eps Graphic file (type eps)
<ris2_8.eps>

LaTeX Warning: `!h' float specifier changed to `!ht'.


Underfull \hbox (badness 10000) in paragraph at lines 312--314

 []

[12]
File: ris2_9.eps Graphic file (type eps)
 <ris2_9.eps>

LaTeX Warning: `!h' float specifier changed to `!ht'.


Underfull \hbox (badness 10000) in paragraph at lines 322--324

 []

File: ris2_10.eps Graphic file (type eps)
<ris2_10.eps> [13]
Underfull \hbox (badness 10000) in paragraph at lines 332--333

 []

[14]
{\Russian \CYRG \cyrl \cyra \cyrv \cyra } 3.

Underfull \hbox (badness 10000) in paragraph at lines 346--348

 []


Underfull \hbox (badness 10000) in paragraph at lines 349--352

 []


Underfull \hbox (badness 10000) in paragraph at lines 353--362

 []

[15

]

LaTeX Warning: Command \textdegree invalid in math mode on input line 401.


Underfull \hbox (badness 10000) in paragraph at lines 395--404

 []

[16]
Underfull \hbox (badness 10000) in paragraph at lines 405--409

 []

LaTeX Font Info:    Try loading font information for OMS+cmr on input line 410.

("C:\Program Files (x86)\MiKTeX 2.9\tex\latex\base\omscmr.fd"
File: omscmr.fd 1999/05/25 v2.5h Standard LaTeX font definitions
)
LaTeX Font Info:    Font shape `OMS/cmr/m/n' in size <14.4> not available
(Font)              Font shape `OMS/cmsy/m/n' tried instead on input line 410.

Overfull \hbox (9.7605pt too wide) in paragraph at lines 412--413
[][][][][][][][][][][][][][][][][][][][][][][] 
 []


Underfull \hbox (badness 10000) in paragraph at lines 419--423

 []

[17]
Underfull \hbox (badness 10000) in paragraph at lines 428--430

 []


Underfull \hbox (badness 10000) in paragraph at lines 435--438

 []


LaTeX Warning: Command \cyrh invalid in math mode on input line 440.

Missing character: There is no х in font cmr12!

LaTeX Warning: Command \cyrh invalid in math mode on input line 440.

Missing character: There is no х in font cmr12!

LaTeX Warning: Command \cyrh invalid in math mode on input line 443.

Missing character: There is no х in font cmr12!

LaTeX Warning: Command \cyru invalid in math mode on input line 443.

Missing character: There is no у in font cmr12!

LaTeX Warning: Command \cyrh invalid in math mode on input line 444.

Missing character: There is no х in font cmr12!

LaTeX Warning: Command \cyru invalid in math mode on input line 444.

Missing character: There is no у in font cmr12!

Underfull \hbox (badness 10000) in paragraph at lines 439--445

 []

[18]
Underfull \hbox (badness 10000) in paragraph at lines 457--461

 []


LaTeX Warning: Command \cyrh invalid in math mode on input line 463.

Missing character: There is no х in font cmr12!

LaTeX Warning: Command \cyru invalid in math mode on input line 463.

Missing character: There is no у in font cmr12!

LaTeX Warning: Command \cyrh invalid in math mode on input line 465.

Missing character: There is no х in font cmr12!

LaTeX Warning: Command \cyru invalid in math mode on input line 465.

Missing character: There is no у in font cmr12!
File: ris3_1.eps Graphic file (type eps)
<ris3_1.eps>

LaTeX Warning: Command \cyrh invalid in math mode on input line 478.

Missing character: There is no х in font cmr12!

LaTeX Warning: Command \cyru invalid in math mode on input line 478.

Missing character: There is no у in font cmr12!

LaTeX Warning: Command \cyrh invalid in math mode on input line 479.

Missing character: There is no х in font cmr12!

LaTeX Warning: Command \cyru invalid in math mode on input line 479.

Missing character: There is no у in font cmr12!

Underfull \hbox (badness 10000) in paragraph at lines 477--481

 []

[19]

LaTeX Warning: Command \cyrh invalid in math mode on input line 483.

Missing character: There is no х in font cmr12!

LaTeX Warning: Command \cyru invalid in math mode on input line 484.

Missing character: There is no у in font cmr12!

LaTeX Warning: Command \cyrh invalid in math mode on input line 484.

Missing character: There is no х in font cmr12!

LaTeX Warning: Command \cyru invalid in math mode on input line 484.

Missing character: There is no у in font cmr12!

Underfull \hbox (badness 10000) in paragraph at lines 482--486

 []


Overfull \hbox (17.98479pt too wide) in paragraph at lines 491--492
[][][][][][][][][][][][][][][][][][][] 
 []


Overfull \hbox (9.7605pt too wide) in paragraph at lines 500--501
[][][][][][][][][][][][][][][][][][][][][][][] 
 []

[20]
Underfull \hbox (badness 10000) in paragraph at lines 507--509

 []


LaTeX Warning: Command \cyrh invalid in math mode on input line 510.

Missing character: There is no х in font cmr12!

LaTeX Warning: Command \cyrh invalid in math mode on input line 511.

Missing character: There is no х in font cmr12!

LaTeX Warning: Command \cyru invalid in math mode on input line 512.

Missing character: There is no у in font cmr12!

Underfull \hbox (badness 10000) in paragraph at lines 510--513

 []


LaTeX Warning: Command \cyrh invalid in math mode on input line 514.

Missing character: There is no х in font cmr12!

LaTeX Warning: Command \cyrh invalid in math mode on input line 515.

Missing character: There is no х in font cmr12!

LaTeX Warning: Command \cyru invalid in math mode on input line 516.

Missing character: There is no у in font cmr12!

Underfull \hbox (badness 10000) in paragraph at lines 514--522

 []

[21]

LaTeX Warning: Command \cyrh invalid in math mode on input line 545.

Missing character: There is no х in font cmr12!

LaTeX Warning: Command \cyru invalid in math mode on input line 545.

Missing character: There is no у in font cmr12!

LaTeX Warning: Command \cyrh invalid in math mode on input line 546.

Missing character: There is no х in font cmr12!

LaTeX Warning: Command \cyrh invalid in math mode on input line 547.

Missing character: There is no х in font cmr12!

LaTeX Warning: Command \cyru invalid in math mode on input line 548.

Missing character: There is no у in font cmr12!

LaTeX Warning: Command \cyrh invalid in math mode on input line 548.

Missing character: There is no х in font cmr12!

LaTeX Warning: Command \cyru invalid in math mode on input line 549.

Missing character: There is no у in font cmr12!

LaTeX Warning: Command \cyru invalid in math mode on input line 549.

Missing character: There is no у in font cmr12!

LaTeX Warning: Command \cyrh invalid in math mode on input line 549.

Missing character: There is no х in font cmr12!

Underfull \hbox (badness 10000) in paragraph at lines 543--550

 []


Underfull \hbox (badness 10000) in paragraph at lines 551--553

 []


LaTeX Warning: Command \cyrh invalid in math mode on input line 554.

Missing character: There is no х in font cmr12!

LaTeX Warning: Command \cyru invalid in math mode on input line 554.

Missing character: There is no у in font cmr12!

Underfull \hbox (badness 10000) in paragraph at lines 554--558

 []

[22]
Overfull \hbox (17.98479pt too wide) in paragraph at lines 562--563
[][][][][][][][][][][][][][][][][][][][][] 
 []


LaTeX Warning: Citation `chirkov' on page 23 undefined on input line 584.


Overfull \hbox (2.47325pt too wide) in paragraph at lines 579--585
[][]\T2A/cmr/m/n/14.4 После вы-пол-не-ния циф-ро-во-го диф-фе-рен-ци-аль-но-го 
ана-ли-за необ-хо-ди-мо рас-
 []


Underfull \hbox (badness 10000) in paragraph at lines 579--585

 []


Underfull \hbox (badness 10000) in paragraph at lines 586--590

 []

[23]
Underfull \hbox (badness 10000) in paragraph at lines 591--594

 []


LaTeX Warning: Command \cyrh invalid in math mode on input line 595.

Missing character: There is no х in font cmr12!

LaTeX Warning: Command \cyrh invalid in math mode on input line 596.

Missing character: There is no х in font cmr12!

LaTeX Warning: Command \cyrh invalid in math mode on input line 596.

Missing character: There is no х in font cmr12!

LaTeX Warning: Command \cyrh invalid in math mode on input line 598.

Missing character: There is no х in font cmr12!

Underfull \hbox (badness 10000) in paragraph at lines 595--600

 []


LaTeX Warning: Command \cyru invalid in math mode on input line 601.

Missing character: There is no у in font cmr12!

Underfull \hbox (badness 10000) in paragraph at lines 601--604

 []


Overfull \hbox (9.7605pt too wide) in paragraph at lines 609--610
[][][][][][][][][][][][][][][][][][][][][][][][][][][][][][] 
 []


Overfull \hbox (9.7605pt too wide) in paragraph at lines 611--612
[][][][][][][][][][][][][][][][][][][][][][][][][][][][][][] 
 []


Underfull \hbox (badness 10000) in paragraph at lines 614--619

 []

[24]
Underfull \hbox (badness 10000) in paragraph at lines 620--624

 []


LaTeX Warning: Command \cyru invalid in math mode on input line 636.

Missing character: There is no у in font cmr12!

LaTeX Warning: Command \cyrh invalid in math mode on input line 639.

Missing character: There is no х in font cmr12!

Underfull \hbox (badness 10000) in paragraph at lines 636--640

 []

[25]
Underfull \hbox (badness 10000) in paragraph at lines 658--663

 []


Underfull \hbox (badness 10000) in paragraph at lines 664--667

 []

[26]
Underfull \hbox (badness 10000) in paragraph at lines 683--689

 []


Underfull \hbox (badness 10000) in paragraph at lines 690--692

 []


Overfull \hbox (26.20908pt too wide) in paragraph at lines 697--698
[][][][][][][][][][][][][][][][][][][][][][][][][][][] 
 []


Overfull \hbox (26.20908pt too wide) in paragraph at lines 699--700
[][][][][][][][][][][][][][][][][][][][][][][][][][][] 
 []

[27]
Overfull \hbox (26.20908pt too wide) in paragraph at lines 703--704
[][][][][][][][][][][][][][][][][][][][][][][][][][][] 
 []


Overfull \hbox (26.20908pt too wide) in paragraph at lines 705--706
[][][][][][][][][][][][][][][][][][][][][][][][][][][] 
 []


Overfull \hbox (1.53621pt too wide) in paragraph at lines 714--715
[][][][][][][][][][][][][][][][][][][][][][][][][] 
 []


Overfull \hbox (26.20908pt too wide) in paragraph at lines 715--716
[][][][][][][][][][][][][][][][][][][][][][][][][] 
 []


Overfull \hbox (9.7605pt too wide) in paragraph at lines 724--725
[][][][][][][][][][][][][][][][][][][][][][][][][] 
 []


Underfull \hbox (badness 10000) in paragraph at lines 728--729

 []

File: ris3_2.eps Graphic file (type eps)
<ris3_2.eps>

LaTeX Warning: `!h' float specifier changed to `!ht'.


Underfull \hbox (badness 10000) in paragraph at lines 737--739

 []

[28]
File: ris3_3.eps Graphic file (type eps)
 <ris3_3.eps> [29]
Underfull \hbox (badness 10000) in paragraph at lines 750--753

 []


Underfull \hbox (badness 10000) in paragraph at lines 754--757

 []


Underfull \hbox (badness 10000) in paragraph at lines 758--762

 []

[30

]
Underfull \hbox (badness 10000) in paragraph at lines 778--779
[][]\T2A/cmr/m/n/14.4 Lode's Computer Graphics Tutorial. 2007. URL:
 []

[31

]
Underfull \hbox (badness 10000) in paragraph at lines 779--780
[][]\T2A/cmr/m/n/14.4 Making a Basic 3D Engine in Java. 2009. URL:
 []


Underfull \hbox (badness 10000) in paragraph at lines 780--781
[][]\T2A/cmr/m/n/14.4 RAYCASTING - сде-лай се-бе немно-го DOOM'a. 2004. URL:
 []

[32] [33]
Overfull \hbox (9.7605pt too wide) in paragraph at lines 834--835
[][][][][][][][][][][][][][][][][][][][][][][] 
 []


Overfull \hbox (17.98479pt too wide) in paragraph at lines 848--849
[][][][][][][][][][][][][][][][][][][] 
 []

[34]
Overfull \hbox (17.98479pt too wide) in paragraph at lines 851--852
[][][][][][][][][][][][][][][][][][][] 
 []

[35]
Overfull \hbox (17.98479pt too wide) in paragraph at lines 884--885
[][][][][][][][][][][][][][][][][][][][][] 
 []

[36] [37]
Overfull \hbox (42.65765pt too wide) in paragraph at lines 945--946
[][][][][][][][][][][][][][][][][][][][][][][][][] 
 []


Overfull \hbox (26.20908pt too wide) in paragraph at lines 947--948
[][][][][][][][][][][][][][][][][][][][][][][] 
 []


Overfull \hbox (9.7605pt too wide) in paragraph at lines 950--951
[][][][][][][][][][][][][][][][][][][][] 
 []


Overfull \hbox (42.65765pt too wide) in paragraph at lines 952--953
[][][][][][][][][][][][][][][][][][][][][][][][][] 
 []


Overfull \hbox (26.20908pt too wide) in paragraph at lines 954--955
[][][][][][][][][][][][][][][][][][][][][][][] 
 []


Overfull \hbox (1.53621pt too wide) in paragraph at lines 962--963
[][][][][][][][][][][][][][][][][][][][][][][][][][] 
 []


Overfull \hbox (26.20908pt too wide) in paragraph at lines 963--964
[][][][][][][][][][][][][][][][][][][][][][][][][][] 
 []


Overfull \hbox (9.7605pt too wide) in paragraph at lines 966--967
[][][][][][][][][][][][][][][][][] 
 []


Overfull \hbox (9.7605pt too wide) in paragraph at lines 974--975
[][][][][][][][][][][][][][][][][][][][][][][][][][] 
 []

[38] [39] ("D:\РҐСѓРЇРЅРґРµРєСЃ\YandexDisk\7 СЃРµРјРµСЃС‚СЂ\7 СЃРµРјРµСЃС‚СЂ.au
x")

LaTeX Warning: There were undefined references.

 ) 
Here is how much of TeX's memory you used:
 5065 strings out of 494046
 68152 string characters out of 3145948
 151281 words of memory out of 3000000
 8276 multiletter control sequences out of 15000+200000
 14015 words of font info for 30 fonts, out of 3000000 for 9000
 715 hyphenation exceptions out of 8191
 34i,14n,32p,662b,1551s stack positions out of 5000i,500n,10000p,200000b,50000s

Output written on "7 СЃРµРјРµСЃС‚СЂ.dvi" (39 pages, 135352 bytes).
